Function 'EmbargoCard'
Lines executed:85.71% of 7
Branches executed:100.00% of 2
Taken at least once:50.00% of 2
Calls executed:100.00% of 1

Function 'SeaHagCard'
Lines executed:0.00% of 8
Branches executed:0.00% of 4
Taken at least once:0.00% of 4
No calls

Function 'MinionCard'
Lines executed:0.00% of 18
Branches executed:0.00% of 18
Taken at least once:0.00% of 18
Calls executed:0.00% of 6

Function 'GreatHallCard'
Lines executed:100.00% of 5
No branches
Calls executed:100.00% of 2

Function 'SmithyCard'
Lines executed:100.00% of 5
Branches executed:100.00% of 2
Taken at least once:100.00% of 2
Calls executed:100.00% of 2

Function 'updateCoins'
Lines executed:100.00% of 11
Branches executed:100.00% of 8
Taken at least once:100.00% of 8
No calls

Function 'gainCard'
Lines executed:61.54% of 13
Branches executed:100.00% of 6
Taken at least once:50.00% of 6
Calls executed:100.00% of 1

Function 'discardCard'
Lines executed:92.31% of 13
Branches executed:100.00% of 6
Taken at least once:83.33% of 6
No calls

Function 'cardEffect'
Lines executed:17.89% of 190
Branches executed:21.47% of 163
Taken at least once:12.88% of 163
Calls executed:24.53% of 53

Function 'getCost'
Lines executed:73.33% of 30
Branches executed:100.00% of 28
Taken at least once:71.43% of 28
No calls

Function 'drawCard'
Lines executed:95.45% of 22
Branches executed:100.00% of 6
Taken at least once:83.33% of 6
Calls executed:100.00% of 1

Function 'getWinners'
Lines executed:0.00% of 24
Branches executed:0.00% of 22
Taken at least once:0.00% of 22
Calls executed:0.00% of 2

Function 'scoreFor'
Lines executed:100.00% of 24
Branches executed:100.00% of 42
Taken at least once:83.33% of 42
Calls executed:100.00% of 3

Function 'isGameOver'
Lines executed:100.00% of 10
Branches executed:100.00% of 8
Taken at least once:100.00% of 8
No calls

Function 'endTurn'
Lines executed:100.00% of 20
Branches executed:100.00% of 6
Taken at least once:100.00% of 6
Calls executed:100.00% of 3

Function 'whoseTurn'
Lines executed:100.00% of 2
No branches
No calls

Function 'fullDeckCount'
Lines executed:100.00% of 9
Branches executed:100.00% of 12
Taken at least once:75.00% of 12
No calls

Function 'supplyCount'
Lines executed:100.00% of 2
No branches
No calls

Function 'handCard'
Lines executed:100.00% of 3
No branches
Calls executed:100.00% of 1

Function 'numHandCards'
Lines executed:100.00% of 2
No branches
Calls executed:100.00% of 1

Function 'buyCard'
Lines executed:92.31% of 13
Branches executed:100.00% of 6
Taken at least once:83.33% of 6
Calls executed:100.00% of 4

Function 'playCard'
Lines executed:92.86% of 14
Branches executed:100.00% of 10
Taken at least once:80.00% of 10
Calls executed:100.00% of 3

Function 'shuffle'
Lines executed:93.75% of 16
Branches executed:100.00% of 8
Taken at least once:87.50% of 8
Calls executed:100.00% of 2

Function 'initializeGame'
Lines executed:95.16% of 62
Branches executed:100.00% of 46
Taken at least once:91.30% of 46
Calls executed:100.00% of 5

Function 'kingdomCards'
Lines executed:0.00% of 13
No branches
No calls

Function 'newGame'
Lines executed:0.00% of 3
No branches
No calls

Function 'compare'
Lines executed:100.00% of 6
Branches executed:100.00% of 4
Taken at least once:100.00% of 4
No calls

File 'dominion.c'
Lines executed:55.23% of 545
Branches executed:57.74% of 407
Taken at least once:46.44% of 407
Calls executed:46.67% of 90
Creating 'dominion.c.gcov'

